help.are
limbo.are
recall.are
torcal.are
relic.are
smurf.are
plains.are
ultima.are
ofcol2.are
olympus.are
air.are
shire.are
hitower.are
gnome.are
wyvern.are
catacomb.are
bsdhq.are
wthq.are
hood.are
draconia.are
mahntor.are
trollden.are
firenewt.are
chapel.are
midennir.are
grave.are
school.are
moria.are
juargan.are
eastern.are
kavir.are
pyramid.are
drow.are
drowhq.are
thalos.are
mirror.are
ofcol.are
haon.are
arachnos.are
dwarven.are
daycare.are
sewer.are
valley.are
redferne.are
mega1.are
marsh.are
dream.are
grove.are
dylan.are
canyon.are
galaxy.are
mobfact.are
tarunia.are
quest.are
abode.are
db.are
doom.are
vallandar.are
weed.are
arena.are
god.are
highland.are
mage.are
monk.are
xkilla.are
kalos2.are
kalos.are
spy.are
necius.are
xkill.are
area0.are
tag.are
$
